2025-07-05 23:29:38.665 - RealTimeSTT: realtimestt - INFO - Starting RealTimeSTT
2025-07-05 23:29:38.718 - RealTimeSTT: realtimestt - INFO - Initializing audio recording (creating pyAudio input stream, sample rate: 16000 buffer size: 512
2025-07-05 23:29:38.719 - RealTimeSTT: realtimestt - DEBUG - Starting audio data worker with target_sample_rate=16000, buffer_size=512, input_device_index=None
2025-07-05 23:29:38.719 - RealTimeSTT: realtimestt - INFO - Initializing WebRTC voice with Sensitivity 3
2025-07-05 23:29:38.720 - RealTimeSTT: realtimestt - DEBUG - Creating PyAudio interface...
2025-07-05 23:29:38.721 - RealTimeSTT: realtimestt - DEBUG - WebRTC VAD voice activity detection engine initialized successfully
2025-07-05 23:29:38.826 - RealTimeSTT: realtimestt - DEBUG - No device index supplied; using default device 4
2025-07-05 23:29:38.827 - RealTimeSTT: realtimestt - DEBUG - Retrieving highest sample rate for device index 4: {'index': 4, 'structVersion': 2, 'name': 'C-Media(R) Audio: USB Audio (hw:1,0)', 'hostApi': 0, 'maxInputChannels': 2, 'maxOutputChannels': 0, 'defaultLowInputLatency': 0.008684807256235827, 'defaultLowOutputLatency': -1.0, 'defaultHighInputLatency': 0.034829931972789115, 'defaultHighOutputLatency': -1.0, 'defaultSampleRate': 44100.0}
2025-07-05 23:29:38.827 - RealTimeSTT: realtimestt - DEBUG - Highest supported sample rate for device index 4 is 44100
2025-07-05 23:29:38.827 - RealTimeSTT: realtimestt - DEBUG - Sample rates to try for device 4: [16000, 44100]
2025-07-05 23:29:38.827 - RealTimeSTT: realtimestt - DEBUG - Attempting to initialize audio stream at 16000 Hz.
2025-07-05 23:29:38.827 - RealTimeSTT: realtimestt - DEBUG - Found 8 total audio devices on the system.
2025-07-05 23:29:38.827 - RealTimeSTT: realtimestt - DEBUG - Available input devices with input channels: [4, 6, 7]
2025-07-05 23:29:38.827 - RealTimeSTT: realtimestt - DEBUG - Validating device index 4 with info: {'index': 4, 'structVersion': 2, 'name': 'C-Media(R) Audio: USB Audio (hw:1,0)', 'hostApi': 0, 'maxInputChannels': 2, 'maxOutputChannels': 0, 'defaultLowInputLatency': 0.008684807256235827, 'defaultLowOutputLatency': -1.0, 'defaultHighInputLatency': 0.034829931972789115, 'defaultHighOutputLatency': -1.0, 'defaultSampleRate': 44100.0}
2025-07-05 23:29:38.827 - RealTimeSTT: realtimestt - DEBUG - Device validation failed for index 4: [Errno -9997] Invalid sample rate
2025-07-05 23:29:38.827 - RealTimeSTT: realtimestt - ERROR - Microphone connection failed: Selected device validation failed. Retrying...
Traceback (most recent call last):
  File "/home/graahand/miniconda3/envs/ai_env/lib/python3.11/site-packages/RealtimeSTT/audio_recorder.py", line 1169, in initialize_audio_stream
    raise Exception("Selected device validation failed")
Exception: Selected device validation failed
2025-07-05 23:29:41.828 - RealTimeSTT: realtimestt - DEBUG - Found 8 total audio devices on the system.
2025-07-05 23:29:41.828 - RealTimeSTT: realtimestt - DEBUG - Available input devices with input channels: [4, 6, 7]
2025-07-05 23:29:41.828 - RealTimeSTT: realtimestt - DEBUG - Default device info: {'index': 4, 'structVersion': 2, 'name': 'C-Media(R) Audio: USB Audio (hw:1,0)', 'hostApi': 0, 'maxInputChannels': 2, 'maxOutputChannels': 0, 'defaultLowInputLatency': 0.008684807256235827, 'defaultLowOutputLatency': -1.0, 'defaultHighInputLatency': 0.034829931972789115, 'defaultHighOutputLatency': -1.0, 'defaultSampleRate': 44100.0}
2025-07-05 23:29:41.828 - RealTimeSTT: realtimestt - DEBUG - Validating device index 4 with info: {'index': 4, 'structVersion': 2, 'name': 'C-Media(R) Audio: USB Audio (hw:1,0)', 'hostApi': 0, 'maxInputChannels': 2, 'maxOutputChannels': 0, 'defaultLowInputLatency': 0.008684807256235827, 'defaultLowOutputLatency': -1.0, 'defaultHighInputLatency': 0.034829931972789115, 'defaultHighOutputLatency': -1.0, 'defaultSampleRate': 44100.0}
2025-07-05 23:29:41.828 - RealTimeSTT: realtimestt - DEBUG - Device validation failed for index 4: [Errno -9997] Invalid sample rate
2025-07-05 23:29:41.828 - RealTimeSTT: realtimestt - DEBUG - Device validation failed for index None: 'NoneType' object cannot be interpreted as an integer
2025-07-05 23:29:41.829 - RealTimeSTT: realtimestt - ERROR - Microphone connection failed: Selected device validation failed. Retrying...
Traceback (most recent call last):
  File "/home/graahand/miniconda3/envs/ai_env/lib/python3.11/site-packages/RealtimeSTT/audio_recorder.py", line 1169, in initialize_audio_stream
    raise Exception("Selected device validation failed")
Exception: Selected device validation failed
2025-07-05 23:29:42.279 - RealTimeSTT: realtimestt - DEBUG - Silero VAD voice activity detection engine initialized successfully
2025-07-05 23:29:42.280 - RealTimeSTT: realtimestt - DEBUG - Starting realtime worker
2025-07-05 23:29:42.280 - RealTimeSTT: realtimestt - DEBUG - Waiting for main transcription model to start
2025-07-05 23:29:44.829 - RealTimeSTT: realtimestt - DEBUG - Found 8 total audio devices on the system.
2025-07-05 23:29:44.829 - RealTimeSTT: realtimestt - DEBUG - Available input devices with input channels: [4, 6, 7]
2025-07-05 23:29:44.829 - RealTimeSTT: realtimestt - DEBUG - Default device info: {'index': 4, 'structVersion': 2, 'name': 'C-Media(R) Audio: USB Audio (hw:1,0)', 'hostApi': 0, 'maxInputChannels': 2, 'maxOutputChannels': 0, 'defaultLowInputLatency': 0.008684807256235827, 'defaultLowOutputLatency': -1.0, 'defaultHighInputLatency': 0.034829931972789115, 'defaultHighOutputLatency': -1.0, 'defaultSampleRate': 44100.0}
2025-07-05 23:29:44.829 - RealTimeSTT: realtimestt - DEBUG - Validating device index 4 with info: {'index': 4, 'structVersion': 2, 'name': 'C-Media(R) Audio: USB Audio (hw:1,0)', 'hostApi': 0, 'maxInputChannels': 2, 'maxOutputChannels': 0, 'defaultLowInputLatency': 0.008684807256235827, 'defaultLowOutputLatency': -1.0, 'defaultHighInputLatency': 0.034829931972789115, 'defaultHighOutputLatency': -1.0, 'defaultSampleRate': 44100.0}
2025-07-05 23:29:44.830 - RealTimeSTT: realtimestt - DEBUG - Device validation failed for index 4: [Errno -9997] Invalid sample rate
2025-07-05 23:29:44.830 - RealTimeSTT: realtimestt - DEBUG - Device validation failed for index None: 'NoneType' object cannot be interpreted as an integer
2025-07-05 23:29:44.830 - RealTimeSTT: realtimestt - ERROR - Microphone connection failed: Selected device validation failed. Retrying...
Traceback (most recent call last):
  File "/home/graahand/miniconda3/envs/ai_env/lib/python3.11/site-packages/RealtimeSTT/audio_recorder.py", line 1169, in initialize_audio_stream
    raise Exception("Selected device validation failed")
Exception: Selected device validation failed
2025-07-05 23:30:12.836 - RealTimeSTT: realtimestt - INFO - Starting RealTimeSTT
2025-07-05 23:30:12.882 - RealTimeSTT: realtimestt - INFO - Initializing audio recording (creating pyAudio input stream, sample rate: 16000 buffer size: 512
2025-07-05 23:30:12.883 - RealTimeSTT: realtimestt - DEBUG - Starting audio data worker with target_sample_rate=16000, buffer_size=512, input_device_index=None
2025-07-05 23:30:12.883 - RealTimeSTT: realtimestt - DEBUG - Creating PyAudio interface...
2025-07-05 23:30:12.884 - RealTimeSTT: realtimestt - INFO - Initializing WebRTC voice with Sensitivity 3
2025-07-05 23:30:12.884 - RealTimeSTT: realtimestt - DEBUG - WebRTC VAD voice activity detection engine initialized successfully
2025-07-05 23:30:12.977 - RealTimeSTT: realtimestt - DEBUG - No device index supplied; using default device 4
2025-07-05 23:30:12.977 - RealTimeSTT: realtimestt - DEBUG - Retrieving highest sample rate for device index 4: {'index': 4, 'structVersion': 2, 'name': 'C-Media(R) Audio: USB Audio (hw:1,0)', 'hostApi': 0, 'maxInputChannels': 2, 'maxOutputChannels': 0, 'defaultLowInputLatency': 0.008684807256235827, 'defaultLowOutputLatency': -1.0, 'defaultHighInputLatency': 0.034829931972789115, 'defaultHighOutputLatency': -1.0, 'defaultSampleRate': 44100.0}
2025-07-05 23:30:12.978 - RealTimeSTT: realtimestt - DEBUG - Highest supported sample rate for device index 4 is 44100
2025-07-05 23:30:12.978 - RealTimeSTT: realtimestt - DEBUG - Sample rates to try for device 4: [16000, 44100]
2025-07-05 23:30:12.978 - RealTimeSTT: realtimestt - DEBUG - Attempting to initialize audio stream at 16000 Hz.
2025-07-05 23:30:12.978 - RealTimeSTT: realtimestt - DEBUG - Found 8 total audio devices on the system.
2025-07-05 23:30:12.978 - RealTimeSTT: realtimestt - DEBUG - Available input devices with input channels: [4, 6, 7]
2025-07-05 23:30:12.978 - RealTimeSTT: realtimestt - DEBUG - Validating device index 4 with info: {'index': 4, 'structVersion': 2, 'name': 'C-Media(R) Audio: USB Audio (hw:1,0)', 'hostApi': 0, 'maxInputChannels': 2, 'maxOutputChannels': 0, 'defaultLowInputLatency': 0.008684807256235827, 'defaultLowOutputLatency': -1.0, 'defaultHighInputLatency': 0.034829931972789115, 'defaultHighOutputLatency': -1.0, 'defaultSampleRate': 44100.0}
2025-07-05 23:30:12.978 - RealTimeSTT: realtimestt - DEBUG - Device validation failed for index 4: [Errno -9997] Invalid sample rate
2025-07-05 23:30:12.978 - RealTimeSTT: realtimestt - ERROR - Microphone connection failed: Selected device validation failed. Retrying...
Traceback (most recent call last):
  File "/home/graahand/miniconda3/envs/ai_env/lib/python3.11/site-packages/RealtimeSTT/audio_recorder.py", line 1169, in initialize_audio_stream
    raise Exception("Selected device validation failed")
Exception: Selected device validation failed
2025-07-05 23:30:13.583 - RealTimeSTT: realtimestt - DEBUG - Silero VAD voice activity detection engine initialized successfully
2025-07-05 23:30:13.583 - RealTimeSTT: realtimestt - DEBUG - Starting realtime worker
2025-07-05 23:30:13.583 - RealTimeSTT: realtimestt - DEBUG - Waiting for main transcription model to start
